#Packing pin usage report
Type: io
	Input Pin Usage:
		Max: 1.00 (0.50)
		Avg: 0.76 (0.38)
		Min: 0.00 (0.00)
		Histogram:
		[        0:      0.2)  5 ( 23.8%) |***************
		[      0.2:      0.4)  0 (  0.0%) |
		[      0.4:      0.6)  0 (  0.0%) |
		[      0.6:      0.8)  0 (  0.0%) |
		[      0.8:        1) 16 ( 76.2%) |************************************************
		[        1:      1.2)  0 (  0.0%) |
		[      1.2:      1.4)  0 (  0.0%) |
		[      1.4:      1.6)  0 (  0.0%) |
		[      1.6:      1.8)  0 (  0.0%) |
		[      1.8:        2)  0 (  0.0%) |
	Output Pin Usage:
		Max: 1.00 (1.00)
		Avg: 0.24 (0.24)
		Min: 0.00 (0.00)
		Histogram:
		[        0:      0.1) 16 ( 76.2%) |************************************************
		[      0.1:      0.2)  0 (  0.0%) |
		[      0.2:      0.3)  0 (  0.0%) |
		[      0.3:      0.4)  0 (  0.0%) |
		[      0.4:      0.5)  0 (  0.0%) |
		[      0.5:      0.6)  0 (  0.0%) |
		[      0.6:      0.7)  0 (  0.0%) |
		[      0.7:      0.8)  0 (  0.0%) |
		[      0.8:      0.9)  0 (  0.0%) |
		[      0.9:        1)  5 ( 23.8%) |***************

Type: clb
	Input Pin Usage:
		Max: 51.00 (0.82)
		Avg: 29.98 (0.48)
		Min: 0.00 (0.00)
		Histogram:
		[        0:      6.2)  26 (  2.9%) |*****
		[      6.2:       12)  45 (  5.0%) |********
		[       12:       19)  78 (  8.6%) |**************
		[       19:       25)  26 (  2.9%) |*****
		[       25:       31) 258 ( 28.5%) |***********************************************
		[       31:       37) 253 ( 28.0%) |**********************************************
		[       37:       43) 169 ( 18.7%) |*******************************
		[       43:       50)  38 (  4.2%) |*******
		[       50:       56)  12 (  1.3%) |**
		[       56:       62)   0 (  0.0%) |
	Output Pin Usage:
		Max: 38.00 (0.93)
		Avg: 14.19 (0.35)
		Min: 1.00 (0.02)
		Histogram:
		[        0:      4.1)  39 (  4.3%) |******
		[      4.1:      8.2) 113 ( 12.5%) |*******************
		[      8.2:       12) 179 ( 19.8%) |******************************
		[       12:       16) 284 ( 31.4%) |***********************************************
		[       16:       20) 229 ( 25.3%) |**************************************
		[       20:       25)  24 (  2.7%) |****
		[       25:       29)  15 (  1.7%) |**
		[       29:       33)   4 (  0.4%) |*
		[       33:       37)  13 (  1.4%) |**
		[       37:       41)   5 (  0.6%) |*

Type: dsp_top
	Input Pin Usage:
		Max: 16.00 (0.07)
		Avg: 16.00 (0.07)
		Min: 16.00 (0.07)
		Histogram:
		[        0:       22) 64 (100.0%) |************************************************
		[       22:       44)  0 (  0.0%) |
		[       44:       66)  0 (  0.0%) |
		[       66:       88)  0 (  0.0%) |
		[       88:  1.1e+02)  0 (  0.0%) |
		[  1.1e+02:  1.3e+02)  0 (  0.0%) |
		[  1.3e+02:  1.5e+02)  0 (  0.0%) |
		[  1.5e+02:  1.8e+02)  0 (  0.0%) |
		[  1.8e+02:    2e+02)  0 (  0.0%) |
		[    2e+02:  2.2e+02)  0 (  0.0%) |
	Output Pin Usage:
		Max: 16.00 (0.10)
		Avg: 16.00 (0.10)
		Min: 16.00 (0.10)
		Histogram:
		[        0:       16) 64 (100.0%) |************************************************
		[       16:       33)  0 (  0.0%) |
		[       33:       50)  0 (  0.0%) |
		[       50:       66)  0 (  0.0%) |
		[       66:       82)  0 (  0.0%) |
		[       82:       99)  0 (  0.0%) |
		[       99:  1.2e+02)  0 (  0.0%) |
		[  1.2e+02:  1.3e+02)  0 (  0.0%) |
		[  1.3e+02:  1.5e+02)  0 (  0.0%) |
		[  1.5e+02:  1.6e+02)  0 (  0.0%) |

Type: memory
	Input Pin Usage:
		Max: 50.00 (0.77)
		Avg: 30.08 (0.46)
		Min: 11.00 (0.17)
		Histogram:
		[        0:      6.5)  0 (  0.0%) |
		[      6.5:       13) 10 ( 38.5%) |****************************************
		[       13:       20)  4 ( 15.4%) |****************
		[       20:       26)  0 (  0.0%) |
		[       26:       32)  0 (  0.0%) |
		[       32:       39)  0 (  0.0%) |
		[       39:       46)  0 (  0.0%) |
		[       46:       52) 12 ( 46.2%) |************************************************
		[       52:       58)  0 (  0.0%) |
		[       58:       65)  0 (  0.0%) |
	Output Pin Usage:
		Max: 40.00 (1.00)
		Avg: 32.62 (0.82)
		Min: 8.00 (0.20)
		Histogram:
		[        0:        4)  0 (  0.0%) |
		[        4:        8)  6 ( 23.1%) |**************
		[        8:       12)  0 (  0.0%) |
		[       12:       16)  0 (  0.0%) |
		[       16:       20)  0 (  0.0%) |
		[       20:       24)  0 (  0.0%) |
		[       24:       28)  0 (  0.0%) |
		[       28:       32)  0 (  0.0%) |
		[       32:       36)  0 (  0.0%) |
		[       36:       40) 20 ( 76.9%) |************************************************

