#Unconstrained setup timing startpoint/endpoint

timing_node_id node_type node_name
-------------- --------- ---------
1 .input reset.inpad[0]
2 .input enable.inpad[0]
3 .input sparsity_level~0.inpad[0]
4 .input sparsity_level~1.inpad[0]
27724 single_port_ram single_port_ram^MEM~158-0^out~0.out[0]
27735 single_port_ram single_port_ram^MEM~158-1^out~0.out[0]
27746 single_port_ram single_port_ram^MEM~158-2^out~0.out[0]
27757 single_port_ram single_port_ram^MEM~158-3^out~0.out[0]
27768 single_port_ram single_port_ram^MEM~158-4^out~0.out[0]
27779 single_port_ram single_port_ram^MEM~158-5^out~0.out[0]
27790 single_port_ram single_port_ram^MEM~158-6^out~0.out[0]
27801 single_port_ram single_port_ram^MEM~158-7^out~0.out[0]
27812 single_port_ram single_port_ram^MEM~158-8^out~0.out[0]
27823 single_port_ram single_port_ram^MEM~158-9^out~0.out[0]
27834 single_port_ram single_port_ram^MEM~158-10^out~0.out[0]
27845 single_port_ram single_port_ram^MEM~158-11^out~0.out[0]
27856 single_port_ram single_port_ram^MEM~158-12^out~0.out[0]
27867 single_port_ram single_port_ram^MEM~158-13^out~0.out[0]
27878 single_port_ram single_port_ram^MEM~158-14^out~0.out[0]
27889 single_port_ram single_port_ram^MEM~158-15^out~0.out[0]
27900 single_port_ram single_port_ram^MEM~158-16^out~0.out[0]
27911 single_port_ram single_port_ram^MEM~158-17^out~0.out[0]
27922 single_port_ram single_port_ram^MEM~158-18^out~0.out[0]
27933 single_port_ram single_port_ram^MEM~158-19^out~0.out[0]
27944 single_port_ram single_port_ram^MEM~158-20^out~0.out[0]
27955 single_port_ram single_port_ram^MEM~158-21^out~0.out[0]
27966 single_port_ram single_port_ram^MEM~158-22^out~0.out[0]
27977 single_port_ram single_port_ram^MEM~158-23^out~0.out[0]
27988 single_port_ram single_port_ram^MEM~158-24^out~0.out[0]
27999 single_port_ram single_port_ram^MEM~158-25^out~0.out[0]
28010 single_port_ram single_port_ram^MEM~158-26^out~0.out[0]
28021 single_port_ram single_port_ram^MEM~158-27^out~0.out[0]
28032 single_port_ram single_port_ram^MEM~158-28^out~0.out[0]
28043 single_port_ram single_port_ram^MEM~158-29^out~0.out[0]
28054 single_port_ram single_port_ram^MEM~158-30^out~0.out[0]
28065 single_port_ram single_port_ram^MEM~158-31^out~0.out[0]
28076 single_port_ram single_port_ram^MEM~157-0^out~0.out[0]
28087 single_port_ram single_port_ram^MEM~157-1^out~0.out[0]
28098 single_port_ram single_port_ram^MEM~157-2^out~0.out[0]
28109 single_port_ram single_port_ram^MEM~157-3^out~0.out[0]
28120 single_port_ram single_port_ram^MEM~157-4^out~0.out[0]
28131 single_port_ram single_port_ram^MEM~157-5^out~0.out[0]
28142 single_port_ram single_port_ram^MEM~157-6^out~0.out[0]
28153 single_port_ram single_port_ram^MEM~157-7^out~0.out[0]
28164 single_port_ram single_port_ram^MEM~157-8^out~0.out[0]
28175 single_port_ram single_port_ram^MEM~157-9^out~0.out[0]
28186 single_port_ram single_port_ram^MEM~157-10^out~0.out[0]
28197 single_port_ram single_port_ram^MEM~157-11^out~0.out[0]
28208 single_port_ram single_port_ram^MEM~157-12^out~0.out[0]
28219 single_port_ram single_port_ram^MEM~157-13^out~0.out[0]
28230 single_port_ram single_port_ram^MEM~157-14^out~0.out[0]
28241 single_port_ram single_port_ram^MEM~157-15^out~0.out[0]
28252 single_port_ram single_port_ram^MEM~157-16^out~0.out[0]
28263 single_port_ram single_port_ram^MEM~157-17^out~0.out[0]
28274 single_port_ram single_port_ram^MEM~157-18^out~0.out[0]
28285 single_port_ram single_port_ram^MEM~157-19^out~0.out[0]
28296 single_port_ram single_port_ram^MEM~157-20^out~0.out[0]
28307 single_port_ram single_port_ram^MEM~157-21^out~0.out[0]
28318 single_port_ram single_port_ram^MEM~157-22^out~0.out[0]
28329 single_port_ram single_port_ram^MEM~157-23^out~0.out[0]
28340 single_port_ram single_port_ram^MEM~157-24^out~0.out[0]
28351 single_port_ram single_port_ram^MEM~157-25^out~0.out[0]
28362 single_port_ram single_port_ram^MEM~157-26^out~0.out[0]
28373 single_port_ram single_port_ram^MEM~157-27^out~0.out[0]
28384 single_port_ram single_port_ram^MEM~157-28^out~0.out[0]
28395 single_port_ram single_port_ram^MEM~157-29^out~0.out[0]
28406 single_port_ram single_port_ram^MEM~157-30^out~0.out[0]
28417 single_port_ram single_port_ram^MEM~157-31^out~0.out[0]
28428 single_port_ram single_port_ram^MEM~156-0^out~0.out[0]
28439 single_port_ram single_port_ram^MEM~156-1^out~0.out[0]
28450 single_port_ram single_port_ram^MEM~156-2^out~0.out[0]
28461 single_port_ram single_port_ram^MEM~156-3^out~0.out[0]
28472 single_port_ram single_port_ram^MEM~156-4^out~0.out[0]
28483 single_port_ram single_port_ram^MEM~156-5^out~0.out[0]
28494 single_port_ram single_port_ram^MEM~156-6^out~0.out[0]
28505 single_port_ram single_port_ram^MEM~156-7^out~0.out[0]
28516 single_port_ram single_port_ram^MEM~156-8^out~0.out[0]
28527 single_port_ram single_port_ram^MEM~156-9^out~0.out[0]
28538 single_port_ram single_port_ram^MEM~156-10^out~0.out[0]
28549 single_port_ram single_port_ram^MEM~156-11^out~0.out[0]
28560 single_port_ram single_port_ram^MEM~156-12^out~0.out[0]
28571 single_port_ram single_port_ram^MEM~156-13^out~0.out[0]
28582 single_port_ram single_port_ram^MEM~156-14^out~0.out[0]
28593 single_port_ram single_port_ram^MEM~156-15^out~0.out[0]
28604 single_port_ram single_port_ram^MEM~156-16^out~0.out[0]
28615 single_port_ram single_port_ram^MEM~156-17^out~0.out[0]
28626 single_port_ram single_port_ram^MEM~156-18^out~0.out[0]
28637 single_port_ram single_port_ram^MEM~156-19^out~0.out[0]
28648 single_port_ram single_port_ram^MEM~156-20^out~0.out[0]
28659 single_port_ram single_port_ram^MEM~156-21^out~0.out[0]
28670 single_port_ram single_port_ram^MEM~156-22^out~0.out[0]
28681 single_port_ram single_port_ram^MEM~156-23^out~0.out[0]
28692 single_port_ram single_port_ram^MEM~156-24^out~0.out[0]
28703 single_port_ram single_port_ram^MEM~156-25^out~0.out[0]
28714 single_port_ram single_port_ram^MEM~156-26^out~0.out[0]
28725 single_port_ram single_port_ram^MEM~156-27^out~0.out[0]
28736 single_port_ram single_port_ram^MEM~156-28^out~0.out[0]
28747 single_port_ram single_port_ram^MEM~156-29^out~0.out[0]
28758 single_port_ram single_port_ram^MEM~156-30^out~0.out[0]
28769 single_port_ram single_port_ram^MEM~156-31^out~0.out[0]
28780 single_port_ram single_port_ram^MEM~155-0^out~0.out[0]
28791 single_port_ram single_port_ram^MEM~155-1^out~0.out[0]
28802 single_port_ram single_port_ram^MEM~155-2^out~0.out[0]
28813 single_port_ram single_port_ram^MEM~155-3^out~0.out[0]
28824 single_port_ram single_port_ram^MEM~155-4^out~0.out[0]
28835 single_port_ram single_port_ram^MEM~155-5^out~0.out[0]
28846 single_port_ram single_port_ram^MEM~155-6^out~0.out[0]
28857 single_port_ram single_port_ram^MEM~155-7^out~0.out[0]
28868 single_port_ram single_port_ram^MEM~155-8^out~0.out[0]
28879 single_port_ram single_port_ram^MEM~155-9^out~0.out[0]
28890 single_port_ram single_port_ram^MEM~155-10^out~0.out[0]
28901 single_port_ram single_port_ram^MEM~155-11^out~0.out[0]
28912 single_port_ram single_port_ram^MEM~155-12^out~0.out[0]
28923 single_port_ram single_port_ram^MEM~155-13^out~0.out[0]
28934 single_port_ram single_port_ram^MEM~155-14^out~0.out[0]
28945 single_port_ram single_port_ram^MEM~155-15^out~0.out[0]
28956 single_port_ram single_port_ram^MEM~155-16^out~0.out[0]
28967 single_port_ram single_port_ram^MEM~155-17^out~0.out[0]
28978 single_port_ram single_port_ram^MEM~155-18^out~0.out[0]
28989 single_port_ram single_port_ram^MEM~155-19^out~0.out[0]
29000 single_port_ram single_port_ram^MEM~155-20^out~0.out[0]
29011 single_port_ram single_port_ram^MEM~155-21^out~0.out[0]
29022 single_port_ram single_port_ram^MEM~155-22^out~0.out[0]
29033 single_port_ram single_port_ram^MEM~155-23^out~0.out[0]
29044 single_port_ram single_port_ram^MEM~155-24^out~0.out[0]
29055 single_port_ram single_port_ram^MEM~155-25^out~0.out[0]
29066 single_port_ram single_port_ram^MEM~155-26^out~0.out[0]
29077 single_port_ram single_port_ram^MEM~155-27^out~0.out[0]
29088 single_port_ram single_port_ram^MEM~155-28^out~0.out[0]
29099 single_port_ram single_port_ram^MEM~155-29^out~0.out[0]
29110 single_port_ram single_port_ram^MEM~155-30^out~0.out[0]
29121 single_port_ram single_port_ram^MEM~155-31^out~0.out[0]
29132 single_port_ram single_port_ram^MEM~149-0^out~0.out[0]
29143 single_port_ram single_port_ram^MEM~149-1^out~0.out[0]
29154 single_port_ram single_port_ram^MEM~149-2^out~0.out[0]
29165 single_port_ram single_port_ram^MEM~149-3^out~0.out[0]
29176 single_port_ram single_port_ram^MEM~149-4^out~0.out[0]
29187 single_port_ram single_port_ram^MEM~149-5^out~0.out[0]
29198 single_port_ram single_port_ram^MEM~149-6^out~0.out[0]
29209 single_port_ram single_port_ram^MEM~149-7^out~0.out[0]
29220 single_port_ram single_port_ram^MEM~149-8^out~0.out[0]
29231 single_port_ram single_port_ram^MEM~149-9^out~0.out[0]
29242 single_port_ram single_port_ram^MEM~149-10^out~0.out[0]
29253 single_port_ram single_port_ram^MEM~149-11^out~0.out[0]
29264 single_port_ram single_port_ram^MEM~149-12^out~0.out[0]
29275 single_port_ram single_port_ram^MEM~149-13^out~0.out[0]
29286 single_port_ram single_port_ram^MEM~149-14^out~0.out[0]
29297 single_port_ram single_port_ram^MEM~149-15^out~0.out[0]
29308 single_port_ram single_port_ram^MEM~149-16^out~0.out[0]
29319 single_port_ram single_port_ram^MEM~149-17^out~0.out[0]
29330 single_port_ram single_port_ram^MEM~149-18^out~0.out[0]
29341 single_port_ram single_port_ram^MEM~149-19^out~0.out[0]
29352 single_port_ram single_port_ram^MEM~149-20^out~0.out[0]
29363 single_port_ram single_port_ram^MEM~149-21^out~0.out[0]
29374 single_port_ram single_port_ram^MEM~149-22^out~0.out[0]
29385 single_port_ram single_port_ram^MEM~149-23^out~0.out[0]
29396 single_port_ram single_port_ram^MEM~149-24^out~0.out[0]
29407 single_port_ram single_port_ram^MEM~149-25^out~0.out[0]
29418 single_port_ram single_port_ram^MEM~149-26^out~0.out[0]
29429 single_port_ram single_port_ram^MEM~149-27^out~0.out[0]
29440 single_port_ram single_port_ram^MEM~149-28^out~0.out[0]
29451 single_port_ram single_port_ram^MEM~149-29^out~0.out[0]
29462 single_port_ram single_port_ram^MEM~149-30^out~0.out[0]
29473 single_port_ram single_port_ram^MEM~149-31^out~0.out[0]
29484 single_port_ram single_port_ram^MEM~148-0^out~0.out[0]
29495 single_port_ram single_port_ram^MEM~148-1^out~0.out[0]
29506 single_port_ram single_port_ram^MEM~148-2^out~0.out[0]
29517 single_port_ram single_port_ram^MEM~148-3^out~0.out[0]
29528 single_port_ram single_port_ram^MEM~148-4^out~0.out[0]
29539 single_port_ram single_port_ram^MEM~148-5^out~0.out[0]
29550 single_port_ram single_port_ram^MEM~148-6^out~0.out[0]
29561 single_port_ram single_port_ram^MEM~148-7^out~0.out[0]
29572 single_port_ram single_port_ram^MEM~148-8^out~0.out[0]
29583 single_port_ram single_port_ram^MEM~148-9^out~0.out[0]
29594 single_port_ram single_port_ram^MEM~148-10^out~0.out[0]
29605 single_port_ram single_port_ram^MEM~148-11^out~0.out[0]
29616 single_port_ram single_port_ram^MEM~148-12^out~0.out[0]
29627 single_port_ram single_port_ram^MEM~148-13^out~0.out[0]
29638 single_port_ram single_port_ram^MEM~148-14^out~0.out[0]
29649 single_port_ram single_port_ram^MEM~148-15^out~0.out[0]
29660 single_port_ram single_port_ram^MEM~148-16^out~0.out[0]
29671 single_port_ram single_port_ram^MEM~148-17^out~0.out[0]
29682 single_port_ram single_port_ram^MEM~148-18^out~0.out[0]
29693 single_port_ram single_port_ram^MEM~148-19^out~0.out[0]
29704 single_port_ram single_port_ram^MEM~148-20^out~0.out[0]
29715 single_port_ram single_port_ram^MEM~148-21^out~0.out[0]
29726 single_port_ram single_port_ram^MEM~148-22^out~0.out[0]
29737 single_port_ram single_port_ram^MEM~148-23^out~0.out[0]
29748 single_port_ram single_port_ram^MEM~148-24^out~0.out[0]
29759 single_port_ram single_port_ram^MEM~148-25^out~0.out[0]
29770 single_port_ram single_port_ram^MEM~148-26^out~0.out[0]
29781 single_port_ram single_port_ram^MEM~148-27^out~0.out[0]
29792 single_port_ram single_port_ram^MEM~148-28^out~0.out[0]
29803 single_port_ram single_port_ram^MEM~148-29^out~0.out[0]
29814 single_port_ram single_port_ram^MEM~148-30^out~0.out[0]
29825 single_port_ram single_port_ram^MEM~148-31^out~0.out[0]
29836 single_port_ram single_port_ram^MEM~147-0^out~0.out[0]
29847 single_port_ram single_port_ram^MEM~147-1^out~0.out[0]
29858 single_port_ram single_port_ram^MEM~147-2^out~0.out[0]
29869 single_port_ram single_port_ram^MEM~147-3^out~0.out[0]
29880 single_port_ram single_port_ram^MEM~147-4^out~0.out[0]
29891 single_port_ram single_port_ram^MEM~147-5^out~0.out[0]
29902 single_port_ram single_port_ram^MEM~147-6^out~0.out[0]
29913 single_port_ram single_port_ram^MEM~147-7^out~0.out[0]
29924 single_port_ram single_port_ram^MEM~147-8^out~0.out[0]
29935 single_port_ram single_port_ram^MEM~147-9^out~0.out[0]
29946 single_port_ram single_port_ram^MEM~147-10^out~0.out[0]
29957 single_port_ram single_port_ram^MEM~147-11^out~0.out[0]
29968 single_port_ram single_port_ram^MEM~147-12^out~0.out[0]
29979 single_port_ram single_port_ram^MEM~147-13^out~0.out[0]
29990 single_port_ram single_port_ram^MEM~147-14^out~0.out[0]
30001 single_port_ram single_port_ram^MEM~147-15^out~0.out[0]
30012 single_port_ram single_port_ram^MEM~147-16^out~0.out[0]
30023 single_port_ram single_port_ram^MEM~147-17^out~0.out[0]
30034 single_port_ram single_port_ram^MEM~147-18^out~0.out[0]
30045 single_port_ram single_port_ram^MEM~147-19^out~0.out[0]
30056 single_port_ram single_port_ram^MEM~147-20^out~0.out[0]
30067 single_port_ram single_port_ram^MEM~147-21^out~0.out[0]
30078 single_port_ram single_port_ram^MEM~147-22^out~0.out[0]
30089 single_port_ram single_port_ram^MEM~147-23^out~0.out[0]
30100 single_port_ram single_port_ram^MEM~147-24^out~0.out[0]
30111 single_port_ram single_port_ram^MEM~147-25^out~0.out[0]
30122 single_port_ram single_port_ram^MEM~147-26^out~0.out[0]
30133 single_port_ram single_port_ram^MEM~147-27^out~0.out[0]
30144 single_port_ram single_port_ram^MEM~147-28^out~0.out[0]
30155 single_port_ram single_port_ram^MEM~147-29^out~0.out[0]
30166 single_port_ram single_port_ram^MEM~147-30^out~0.out[0]
30177 single_port_ram single_port_ram^MEM~147-31^out~0.out[0]
30188 single_port_ram single_port_ram^MEM~146-0^out~0.out[0]
30199 single_port_ram single_port_ram^MEM~146-1^out~0.out[0]
30210 single_port_ram single_port_ram^MEM~146-2^out~0.out[0]
30221 single_port_ram single_port_ram^MEM~146-3^out~0.out[0]
30232 single_port_ram single_port_ram^MEM~146-4^out~0.out[0]
30243 single_port_ram single_port_ram^MEM~146-5^out~0.out[0]
30254 single_port_ram single_port_ram^MEM~146-6^out~0.out[0]
30265 single_port_ram single_port_ram^MEM~146-7^out~0.out[0]
30276 single_port_ram single_port_ram^MEM~146-8^out~0.out[0]
30287 single_port_ram single_port_ram^MEM~146-9^out~0.out[0]
30298 single_port_ram single_port_ram^MEM~146-10^out~0.out[0]
30309 single_port_ram single_port_ram^MEM~146-11^out~0.out[0]
30320 single_port_ram single_port_ram^MEM~146-12^out~0.out[0]
30331 single_port_ram single_port_ram^MEM~146-13^out~0.out[0]
30342 single_port_ram single_port_ram^MEM~146-14^out~0.out[0]
30353 single_port_ram single_port_ram^MEM~146-15^out~0.out[0]
30364 single_port_ram single_port_ram^MEM~146-16^out~0.out[0]
30375 single_port_ram single_port_ram^MEM~146-17^out~0.out[0]
30386 single_port_ram single_port_ram^MEM~146-18^out~0.out[0]
30397 single_port_ram single_port_ram^MEM~146-19^out~0.out[0]
30408 single_port_ram single_port_ram^MEM~146-20^out~0.out[0]
30419 single_port_ram single_port_ram^MEM~146-21^out~0.out[0]
30430 single_port_ram single_port_ram^MEM~146-22^out~0.out[0]
30441 single_port_ram single_port_ram^MEM~146-23^out~0.out[0]
30452 single_port_ram single_port_ram^MEM~146-24^out~0.out[0]
30463 single_port_ram single_port_ram^MEM~146-25^out~0.out[0]
30474 single_port_ram single_port_ram^MEM~146-26^out~0.out[0]
30485 single_port_ram single_port_ram^MEM~146-27^out~0.out[0]
30496 single_port_ram single_port_ram^MEM~146-28^out~0.out[0]
30507 single_port_ram single_port_ram^MEM~146-29^out~0.out[0]
30518 single_port_ram single_port_ram^MEM~146-30^out~0.out[0]
30529 single_port_ram single_port_ram^MEM~146-31^out~0.out[0]
30540 single_port_ram single_port_ram^MEM~154-0^out~0.out[0]
30551 single_port_ram single_port_ram^MEM~154-1^out~0.out[0]
30562 single_port_ram single_port_ram^MEM~154-2^out~0.out[0]
30573 single_port_ram single_port_ram^MEM~154-3^out~0.out[0]
30584 single_port_ram single_port_ram^MEM~154-4^out~0.out[0]
30595 single_port_ram single_port_ram^MEM~154-5^out~0.out[0]
30606 single_port_ram single_port_ram^MEM~154-6^out~0.out[0]
30617 single_port_ram single_port_ram^MEM~154-7^out~0.out[0]
30628 single_port_ram single_port_ram^MEM~154-8^out~0.out[0]
30639 single_port_ram single_port_ram^MEM~154-9^out~0.out[0]
30650 single_port_ram single_port_ram^MEM~154-10^out~0.out[0]
30661 single_port_ram single_port_ram^MEM~154-11^out~0.out[0]
30672 single_port_ram single_port_ram^MEM~154-12^out~0.out[0]
30683 single_port_ram single_port_ram^MEM~154-13^out~0.out[0]
30694 single_port_ram single_port_ram^MEM~154-14^out~0.out[0]
30705 single_port_ram single_port_ram^MEM~154-15^out~0.out[0]
30716 single_port_ram single_port_ram^MEM~154-16^out~0.out[0]
30727 single_port_ram single_port_ram^MEM~154-17^out~0.out[0]
30738 single_port_ram single_port_ram^MEM~154-18^out~0.out[0]
30749 single_port_ram single_port_ram^MEM~154-19^out~0.out[0]
30760 single_port_ram single_port_ram^MEM~154-20^out~0.out[0]
30771 single_port_ram single_port_ram^MEM~154-21^out~0.out[0]
30782 single_port_ram single_port_ram^MEM~154-22^out~0.out[0]
30793 single_port_ram single_port_ram^MEM~154-23^out~0.out[0]
30804 single_port_ram single_port_ram^MEM~154-24^out~0.out[0]
30815 single_port_ram single_port_ram^MEM~154-25^out~0.out[0]
30826 single_port_ram single_port_ram^MEM~154-26^out~0.out[0]
30837 single_port_ram single_port_ram^MEM~154-27^out~0.out[0]
30848 single_port_ram single_port_ram^MEM~154-28^out~0.out[0]
30859 single_port_ram single_port_ram^MEM~154-29^out~0.out[0]
30870 single_port_ram single_port_ram^MEM~154-30^out~0.out[0]
30881 single_port_ram single_port_ram^MEM~154-31^out~0.out[0]
30892 single_port_ram single_port_ram^MEM~153-0^out~0.out[0]
30903 single_port_ram single_port_ram^MEM~153-1^out~0.out[0]
30914 single_port_ram single_port_ram^MEM~153-2^out~0.out[0]
30925 single_port_ram single_port_ram^MEM~153-3^out~0.out[0]
30936 single_port_ram single_port_ram^MEM~153-4^out~0.out[0]
30947 single_port_ram single_port_ram^MEM~153-5^out~0.out[0]
30958 single_port_ram single_port_ram^MEM~153-6^out~0.out[0]
30969 single_port_ram single_port_ram^MEM~153-7^out~0.out[0]
30980 single_port_ram single_port_ram^MEM~153-8^out~0.out[0]
30991 single_port_ram single_port_ram^MEM~153-9^out~0.out[0]
31002 single_port_ram single_port_ram^MEM~153-10^out~0.out[0]
31013 single_port_ram single_port_ram^MEM~153-11^out~0.out[0]
31024 single_port_ram single_port_ram^MEM~153-12^out~0.out[0]
31035 single_port_ram single_port_ram^MEM~153-13^out~0.out[0]
31046 single_port_ram single_port_ram^MEM~153-14^out~0.out[0]
31057 single_port_ram single_port_ram^MEM~153-15^out~0.out[0]
31068 single_port_ram single_port_ram^MEM~153-16^out~0.out[0]
31079 single_port_ram single_port_ram^MEM~153-17^out~0.out[0]
31090 single_port_ram single_port_ram^MEM~153-18^out~0.out[0]
31101 single_port_ram single_port_ram^MEM~153-19^out~0.out[0]
31112 single_port_ram single_port_ram^MEM~153-20^out~0.out[0]
31123 single_port_ram single_port_ram^MEM~153-21^out~0.out[0]
31134 single_port_ram single_port_ram^MEM~153-22^out~0.out[0]
31145 single_port_ram single_port_ram^MEM~153-23^out~0.out[0]
31156 single_port_ram single_port_ram^MEM~153-24^out~0.out[0]
31167 single_port_ram single_port_ram^MEM~153-25^out~0.out[0]
31178 single_port_ram single_port_ram^MEM~153-26^out~0.out[0]
31189 single_port_ram single_port_ram^MEM~153-27^out~0.out[0]
31200 single_port_ram single_port_ram^MEM~153-28^out~0.out[0]
31211 single_port_ram single_port_ram^MEM~153-29^out~0.out[0]
31222 single_port_ram single_port_ram^MEM~153-30^out~0.out[0]
31233 single_port_ram single_port_ram^MEM~153-31^out~0.out[0]
31244 single_port_ram single_port_ram^MEM~152-0^out~0.out[0]
31255 single_port_ram single_port_ram^MEM~152-1^out~0.out[0]
31266 single_port_ram single_port_ram^MEM~152-2^out~0.out[0]
31277 single_port_ram single_port_ram^MEM~152-3^out~0.out[0]
31288 single_port_ram single_port_ram^MEM~152-4^out~0.out[0]
31299 single_port_ram single_port_ram^MEM~152-5^out~0.out[0]
31310 single_port_ram single_port_ram^MEM~152-6^out~0.out[0]
31321 single_port_ram single_port_ram^MEM~152-7^out~0.out[0]
31332 single_port_ram single_port_ram^MEM~152-8^out~0.out[0]
31343 single_port_ram single_port_ram^MEM~152-9^out~0.out[0]
31354 single_port_ram single_port_ram^MEM~152-10^out~0.out[0]
31365 single_port_ram single_port_ram^MEM~152-11^out~0.out[0]
31376 single_port_ram single_port_ram^MEM~152-12^out~0.out[0]
31387 single_port_ram single_port_ram^MEM~152-13^out~0.out[0]
31398 single_port_ram single_port_ram^MEM~152-14^out~0.out[0]
31409 single_port_ram single_port_ram^MEM~152-15^out~0.out[0]
31420 single_port_ram single_port_ram^MEM~152-16^out~0.out[0]
31431 single_port_ram single_port_ram^MEM~152-17^out~0.out[0]
31442 single_port_ram single_port_ram^MEM~152-18^out~0.out[0]
31453 single_port_ram single_port_ram^MEM~152-19^out~0.out[0]
31464 single_port_ram single_port_ram^MEM~152-20^out~0.out[0]
31475 single_port_ram single_port_ram^MEM~152-21^out~0.out[0]
31486 single_port_ram single_port_ram^MEM~152-22^out~0.out[0]
31497 single_port_ram single_port_ram^MEM~152-23^out~0.out[0]
31508 single_port_ram single_port_ram^MEM~152-24^out~0.out[0]
31519 single_port_ram single_port_ram^MEM~152-25^out~0.out[0]
31530 single_port_ram single_port_ram^MEM~152-26^out~0.out[0]
31541 single_port_ram single_port_ram^MEM~152-27^out~0.out[0]
31552 single_port_ram single_port_ram^MEM~152-28^out~0.out[0]
31563 single_port_ram single_port_ram^MEM~152-29^out~0.out[0]
31574 single_port_ram single_port_ram^MEM~152-30^out~0.out[0]
31585 single_port_ram single_port_ram^MEM~152-31^out~0.out[0]
31596 single_port_ram single_port_ram^MEM~151-0^out~0.out[0]
31607 single_port_ram single_port_ram^MEM~151-1^out~0.out[0]
31618 single_port_ram single_port_ram^MEM~151-2^out~0.out[0]
31629 single_port_ram single_port_ram^MEM~151-3^out~0.out[0]
31640 single_port_ram single_port_ram^MEM~151-4^out~0.out[0]
31651 single_port_ram single_port_ram^MEM~151-5^out~0.out[0]
31662 single_port_ram single_port_ram^MEM~151-6^out~0.out[0]
31673 single_port_ram single_port_ram^MEM~151-7^out~0.out[0]
31684 single_port_ram single_port_ram^MEM~151-8^out~0.out[0]
31695 single_port_ram single_port_ram^MEM~151-9^out~0.out[0]
31706 single_port_ram single_port_ram^MEM~151-10^out~0.out[0]
31717 single_port_ram single_port_ram^MEM~151-11^out~0.out[0]
31728 single_port_ram single_port_ram^MEM~151-12^out~0.out[0]
31739 single_port_ram single_port_ram^MEM~151-13^out~0.out[0]
31750 single_port_ram single_port_ram^MEM~151-14^out~0.out[0]
31761 single_port_ram single_port_ram^MEM~151-15^out~0.out[0]
31772 single_port_ram single_port_ram^MEM~151-16^out~0.out[0]
31783 single_port_ram single_port_ram^MEM~151-17^out~0.out[0]
31794 single_port_ram single_port_ram^MEM~151-18^out~0.out[0]
31805 single_port_ram single_port_ram^MEM~151-19^out~0.out[0]
31816 single_port_ram single_port_ram^MEM~151-20^out~0.out[0]
31827 single_port_ram single_port_ram^MEM~151-21^out~0.out[0]
31838 single_port_ram single_port_ram^MEM~151-22^out~0.out[0]
31849 single_port_ram single_port_ram^MEM~151-23^out~0.out[0]
31860 single_port_ram single_port_ram^MEM~151-24^out~0.out[0]
31871 single_port_ram single_port_ram^MEM~151-25^out~0.out[0]
31882 single_port_ram single_port_ram^MEM~151-26^out~0.out[0]
31893 single_port_ram single_port_ram^MEM~151-27^out~0.out[0]
31904 single_port_ram single_port_ram^MEM~151-28^out~0.out[0]
31915 single_port_ram single_port_ram^MEM~151-29^out~0.out[0]
31926 single_port_ram single_port_ram^MEM~151-30^out~0.out[0]
31937 single_port_ram single_port_ram^MEM~151-31^out~0.out[0]
31948 single_port_ram single_port_ram^MEM~145-0^out~0.out[0]
31959 single_port_ram single_port_ram^MEM~145-1^out~0.out[0]
31970 single_port_ram single_port_ram^MEM~145-2^out~0.out[0]
31981 single_port_ram single_port_ram^MEM~145-3^out~0.out[0]
31992 single_port_ram single_port_ram^MEM~145-4^out~0.out[0]
32003 single_port_ram single_port_ram^MEM~145-5^out~0.out[0]
32014 single_port_ram single_port_ram^MEM~145-6^out~0.out[0]
32025 single_port_ram single_port_ram^MEM~145-7^out~0.out[0]
32036 single_port_ram single_port_ram^MEM~145-8^out~0.out[0]
32047 single_port_ram single_port_ram^MEM~145-9^out~0.out[0]
32058 single_port_ram single_port_ram^MEM~145-10^out~0.out[0]
32069 single_port_ram single_port_ram^MEM~145-11^out~0.out[0]
32080 single_port_ram single_port_ram^MEM~145-12^out~0.out[0]
32091 single_port_ram single_port_ram^MEM~145-13^out~0.out[0]
32102 single_port_ram single_port_ram^MEM~145-14^out~0.out[0]
32113 single_port_ram single_port_ram^MEM~145-15^out~0.out[0]
32124 single_port_ram single_port_ram^MEM~145-16^out~0.out[0]
32135 single_port_ram single_port_ram^MEM~145-17^out~0.out[0]
32146 single_port_ram single_port_ram^MEM~145-18^out~0.out[0]
32157 single_port_ram single_port_ram^MEM~145-19^out~0.out[0]
32168 single_port_ram single_port_ram^MEM~145-20^out~0.out[0]
32179 single_port_ram single_port_ram^MEM~145-21^out~0.out[0]
32190 single_port_ram single_port_ram^MEM~145-22^out~0.out[0]
32201 single_port_ram single_port_ram^MEM~145-23^out~0.out[0]
32212 single_port_ram single_port_ram^MEM~145-24^out~0.out[0]
32223 single_port_ram single_port_ram^MEM~145-25^out~0.out[0]
32234 single_port_ram single_port_ram^MEM~145-26^out~0.out[0]
32245 single_port_ram single_port_ram^MEM~145-27^out~0.out[0]
32256 single_port_ram single_port_ram^MEM~145-28^out~0.out[0]
32267 single_port_ram single_port_ram^MEM~145-29^out~0.out[0]
32278 single_port_ram single_port_ram^MEM~145-30^out~0.out[0]
32289 single_port_ram single_port_ram^MEM~145-31^out~0.out[0]
32300 single_port_ram single_port_ram^MEM~144-0^out~0.out[0]
32311 single_port_ram single_port_ram^MEM~144-1^out~0.out[0]
32322 single_port_ram single_port_ram^MEM~144-2^out~0.out[0]
32333 single_port_ram single_port_ram^MEM~144-3^out~0.out[0]
32344 single_port_ram single_port_ram^MEM~144-4^out~0.out[0]
32355 single_port_ram single_port_ram^MEM~144-5^out~0.out[0]
32366 single_port_ram single_port_ram^MEM~144-6^out~0.out[0]
32377 single_port_ram single_port_ram^MEM~144-7^out~0.out[0]
32388 single_port_ram single_port_ram^MEM~144-8^out~0.out[0]
32399 single_port_ram single_port_ram^MEM~144-9^out~0.out[0]
32410 single_port_ram single_port_ram^MEM~144-10^out~0.out[0]
32421 single_port_ram single_port_ram^MEM~144-11^out~0.out[0]
32432 single_port_ram single_port_ram^MEM~144-12^out~0.out[0]
32443 single_port_ram single_port_ram^MEM~144-13^out~0.out[0]
32454 single_port_ram single_port_ram^MEM~144-14^out~0.out[0]
32465 single_port_ram single_port_ram^MEM~144-15^out~0.out[0]
32476 single_port_ram single_port_ram^MEM~144-16^out~0.out[0]
32487 single_port_ram single_port_ram^MEM~144-17^out~0.out[0]
32498 single_port_ram single_port_ram^MEM~144-18^out~0.out[0]
32509 single_port_ram single_port_ram^MEM~144-19^out~0.out[0]
32520 single_port_ram single_port_ram^MEM~144-20^out~0.out[0]
32531 single_port_ram single_port_ram^MEM~144-21^out~0.out[0]
32542 single_port_ram single_port_ram^MEM~144-22^out~0.out[0]
32553 single_port_ram single_port_ram^MEM~144-23^out~0.out[0]
32564 single_port_ram single_port_ram^MEM~144-24^out~0.out[0]
32575 single_port_ram single_port_ram^MEM~144-25^out~0.out[0]
32586 single_port_ram single_port_ram^MEM~144-26^out~0.out[0]
32597 single_port_ram single_port_ram^MEM~144-27^out~0.out[0]
32608 single_port_ram single_port_ram^MEM~144-28^out~0.out[0]
32619 single_port_ram single_port_ram^MEM~144-29^out~0.out[0]
32630 single_port_ram single_port_ram^MEM~144-30^out~0.out[0]
32641 single_port_ram single_port_ram^MEM~144-31^out~0.out[0]
32652 single_port_ram single_port_ram^MEM~143-0^out~0.out[0]
32663 single_port_ram single_port_ram^MEM~143-1^out~0.out[0]
32674 single_port_ram single_port_ram^MEM~143-2^out~0.out[0]
32685 single_port_ram single_port_ram^MEM~143-3^out~0.out[0]
32696 single_port_ram single_port_ram^MEM~143-4^out~0.out[0]
32707 single_port_ram single_port_ram^MEM~143-5^out~0.out[0]
32718 single_port_ram single_port_ram^MEM~143-6^out~0.out[0]
32729 single_port_ram single_port_ram^MEM~143-7^out~0.out[0]
32740 single_port_ram single_port_ram^MEM~143-8^out~0.out[0]
32751 single_port_ram single_port_ram^MEM~143-9^out~0.out[0]
32762 single_port_ram single_port_ram^MEM~143-10^out~0.out[0]
32773 single_port_ram single_port_ram^MEM~143-11^out~0.out[0]
32784 single_port_ram single_port_ram^MEM~143-12^out~0.out[0]
32795 single_port_ram single_port_ram^MEM~143-13^out~0.out[0]
32806 single_port_ram single_port_ram^MEM~143-14^out~0.out[0]
32817 single_port_ram single_port_ram^MEM~143-15^out~0.out[0]
32828 single_port_ram single_port_ram^MEM~143-16^out~0.out[0]
32839 single_port_ram single_port_ram^MEM~143-17^out~0.out[0]
32850 single_port_ram single_port_ram^MEM~143-18^out~0.out[0]
32861 single_port_ram single_port_ram^MEM~143-19^out~0.out[0]
32872 single_port_ram single_port_ram^MEM~143-20^out~0.out[0]
32883 single_port_ram single_port_ram^MEM~143-21^out~0.out[0]
32894 single_port_ram single_port_ram^MEM~143-22^out~0.out[0]
32905 single_port_ram single_port_ram^MEM~143-23^out~0.out[0]
32916 single_port_ram single_port_ram^MEM~143-24^out~0.out[0]
32927 single_port_ram single_port_ram^MEM~143-25^out~0.out[0]
32938 single_port_ram single_port_ram^MEM~143-26^out~0.out[0]
32949 single_port_ram single_port_ram^MEM~143-27^out~0.out[0]
32960 single_port_ram single_port_ram^MEM~143-28^out~0.out[0]
32971 single_port_ram single_port_ram^MEM~143-29^out~0.out[0]
32982 single_port_ram single_port_ram^MEM~143-30^out~0.out[0]
32993 single_port_ram single_port_ram^MEM~143-31^out~0.out[0]
33004 single_port_ram single_port_ram^MEM~142-0^out~0.out[0]
33015 single_port_ram single_port_ram^MEM~142-1^out~0.out[0]
33026 single_port_ram single_port_ram^MEM~142-2^out~0.out[0]
33037 single_port_ram single_port_ram^MEM~142-3^out~0.out[0]
33048 single_port_ram single_port_ram^MEM~142-4^out~0.out[0]
33059 single_port_ram single_port_ram^MEM~142-5^out~0.out[0]
33070 single_port_ram single_port_ram^MEM~142-6^out~0.out[0]
33081 single_port_ram single_port_ram^MEM~142-7^out~0.out[0]
33092 single_port_ram single_port_ram^MEM~142-8^out~0.out[0]
33103 single_port_ram single_port_ram^MEM~142-9^out~0.out[0]
33114 single_port_ram single_port_ram^MEM~142-10^out~0.out[0]
33125 single_port_ram single_port_ram^MEM~142-11^out~0.out[0]
33136 single_port_ram single_port_ram^MEM~142-12^out~0.out[0]
33147 single_port_ram single_port_ram^MEM~142-13^out~0.out[0]
33158 single_port_ram single_port_ram^MEM~142-14^out~0.out[0]
33169 single_port_ram single_port_ram^MEM~142-15^out~0.out[0]
33180 single_port_ram single_port_ram^MEM~142-16^out~0.out[0]
33191 single_port_ram single_port_ram^MEM~142-17^out~0.out[0]
33202 single_port_ram single_port_ram^MEM~142-18^out~0.out[0]
33213 single_port_ram single_port_ram^MEM~142-19^out~0.out[0]
33224 single_port_ram single_port_ram^MEM~142-20^out~0.out[0]
33235 single_port_ram single_port_ram^MEM~142-21^out~0.out[0]
33246 single_port_ram single_port_ram^MEM~142-22^out~0.out[0]
33257 single_port_ram single_port_ram^MEM~142-23^out~0.out[0]
33268 single_port_ram single_port_ram^MEM~142-24^out~0.out[0]
33279 single_port_ram single_port_ram^MEM~142-25^out~0.out[0]
33290 single_port_ram single_port_ram^MEM~142-26^out~0.out[0]
33301 single_port_ram single_port_ram^MEM~142-27^out~0.out[0]
33312 single_port_ram single_port_ram^MEM~142-28^out~0.out[0]
33323 single_port_ram single_port_ram^MEM~142-29^out~0.out[0]
33334 single_port_ram single_port_ram^MEM~142-30^out~0.out[0]
33345 single_port_ram single_port_ram^MEM~142-31^out~0.out[0]
125125 .output out:cout_data~0.outpad[0]
125126 .output out:cout_data~1.outpad[0]
125127 .output out:cout_data~2.outpad[0]
125128 .output out:cout_data~3.outpad[0]
125129 .output out:cout_data~4.outpad[0]
125130 .output out:cout_data~5.outpad[0]
125131 .output out:cout_data~6.outpad[0]
125132 .output out:cout_data~7.outpad[0]
125133 .output out:cout_data~8.outpad[0]
125134 .output out:cout_data~9.outpad[0]
125135 .output out:cout_data~10.outpad[0]
125136 .output out:cout_data~11.outpad[0]
125137 .output out:cout_data~12.outpad[0]
125138 .output out:cout_data~13.outpad[0]
125139 .output out:cout_data~14.outpad[0]
125140 .output out:cout_data~15.outpad[0]

#End of unconstrained setup startpoint/endpoint report
