VPR FPGA Placement and Routing.
Version: 8.1.0-dev+v8.0.0-9790-g3928ad86b
Revision: v8.0.0-9790-g3928ad86b
Compiled: 2024-04-13T18:34:19
Compiler: GNU 9.4.0 on Linux-5.15.0-94-generic x86_64
Build Info: release IPO VTR_ASSERT_LEVEL=2

University of Toronto
verilogtorouting.org
vtr-users@googlegroups.com
This is free open source code under MIT license.

VPR was run with the following command-line:
/home/et23644@austin.utexas.edu/Desktop/VTR_dir/vtr-verilog-to-routing_april2024/vpr/vpr /home/et23644@austin.utexas.edu/Desktop/VTR_dir/vtr-verilog-to-routing_april2024/vtr_work/arch_files_xml/k6FracN10LB_mem20K_complexDSP_customSB_for_DSP_mapping_Fcin0.15_Fcout0.10_7nm_COFFE_arch.xml /home/et23644@austin.utexas.edu/Desktop/VTR_dir/vtr-verilog-to-routing_april2024/vtr_work/out_dir/sparse_gemm_all_levels_mapped_to_DSPs/sparse_gemm_all_levels_mapped_to_DSPs --circuit_file /home/et23644@austin.utexas.edu/Desktop/VTR_dir/vtr-verilog-to-routing_april2024/vtr_work/out_dir/sparse_gemm_all_levels_mapped_to_DSPs/sparse_gemm_all_levels_mapped_to_DSPs.pre-vpr.blif --route_chan_width 300 --analysis --disp on --sdc_file /home/et23644@austin.utexas.edu/Desktop/VTR_dir/vtr-verilog-to-routing_april2024/vtr_work/constraints_dir/cut_IO_maximize_freq.sdc


Architecture file: /home/et23644@austin.utexas.edu/Desktop/VTR_dir/vtr-verilog-to-routing_april2024/vtr_work/arch_files_xml/k6FracN10LB_mem20K_complexDSP_customSB_for_DSP_mapping_Fcin0.15_Fcout0.10_7nm_COFFE_arch.xml
Circuit name: /home/et23644@austin.utexas.edu/Desktop/VTR_dir/vtr-verilog-to-routing_april2024/vtr_work/out_dir/sparse_gemm_all_levels_mapped_to_DSPs/sparse_gemm_all_levels_mapped_to_DSPs

# Loading Architecture Description
# Loading Architecture Description took 0.02 seconds (max_rss 17.3 MiB, delta_rss +2.8 MiB)

Timing analysis: ON
Circuit netlist file: /home/et23644@austin.utexas.edu/Desktop/VTR_dir/vtr-verilog-to-routing_april2024/vtr_work/out_dir/sparse_gemm_all_levels_mapped_to_DSPs/sparse_gemm_all_levels_mapped_to_DSPs.net
Circuit placement file: /home/et23644@austin.utexas.edu/Desktop/VTR_dir/vtr-verilog-to-routing_april2024/vtr_work/out_dir/sparse_gemm_all_levels_mapped_to_DSPs/sparse_gemm_all_levels_mapped_to_DSPs.place
Circuit routing file: /home/et23644@austin.utexas.edu/Desktop/VTR_dir/vtr-verilog-to-routing_april2024/vtr_work/out_dir/sparse_gemm_all_levels_mapped_to_DSPs/sparse_gemm_all_levels_mapped_to_DSPs.route
Circuit SDC file: /home/et23644@austin.utexas.edu/Desktop/VTR_dir/vtr-verilog-to-routing_april2024/vtr_work/constraints_dir/cut_IO_maximize_freq.sdc
Vpr floorplanning constraints file: not specified

Packer: ENABLED
Placer: ENABLED
Router: ENABLED
Analysis: ENABLED

VPR was run with the following options:

NetlistOpts.abosrb_buffer_luts            : true
NetlistOpts.sweep_dangling_primary_ios    : true
NetlistOpts.sweep_dangling_nets           : true
NetlistOpts.sweep_dangling_blocks         : true
NetlistOpts.sweep_constant_primary_outputs: false
NetlistOpts.netlist_verbosity             : 1
NetlistOpts.const_gen_inference           : COMB_SEQ

PackerOpts.allow_unrelated_clustering: auto
PackerOpts.alpha_clustering: 0.750000
PackerOpts.beta_clustering: 0.900000
PackerOpts.cluster_seed_type: BLEND2
PackerOpts.connection_driven: true
PackerOpts.global_clocks: true
PackerOpts.hill_climbing_flag: false
PackerOpts.inter_cluster_net_delay: 1.000000
PackerOpts.timing_driven: true
PackerOpts.target_external_pin_util: auto

PlacerOpts.place_freq: PLACE_ONCE
PlacerOpts.place_algorithm: CRITICALITY_TIMING_PLACE
PlacerOpts.pad_loc_type: FREE
PlacerOpts.constraints_file: No constraints file given
PlacerOpts.place_cost_exp: 1.000000
PlacerOpts.place_chan_width: 300
PlacerOpts.inner_loop_recompute_divider: 0
PlacerOpts.recompute_crit_iter: 1
PlacerOpts.timing_tradeoff: 0.500000
PlacerOpts.td_place_exp_first: 1.000000
PlacerOpts.td_place_exp_last: 8.000000
PlacerOpts.delay_offset: 0.000000
PlacerOpts.delay_ramp_delta_threshold: -1
PlacerOpts.delay_ramp_slope: 0.000000
PlacerOpts.tsu_rel_margin: 1.000000
PlacerOpts.tsu_abs_margin: 0.000000
PlacerOpts.post_place_timing_report_file: 
PlacerOpts.allowed_tiles_for_delay_model: 
PlacerOpts.delay_model_reducer: MIN
PlacerOpts.delay_model_type: DELTA
PlacerOpts.rlim_escape_fraction: 0.000000
PlacerOpts.move_stats_file: 
PlacerOpts.placement_saves_per_temperature: 0
PlacerOpts.effort_scaling: CIRCUIT
PlacerOpts.place_delta_delay_matrix_calculation_method: ASTAR_ROUTE
PlaceOpts.seed: 1
AnnealSched.type: AUTO_SCHED
AnnealSched.inner_num: 0.500000

RouterOpts.route_type: DETAILED
RouterOpts.flat_routing: false
RouterOpts.has_choking_spot: false
RouterOpts.router_algorithm: TIMING_DRIVEN
RouterOpts.base_cost_type: DELAY_NORMALIZED_LENGTH
RouterOpts.fixed_channel_width: 300
RouterOpts.check_route: FULL
RouterOpts.acc_fac: 1.000000
RouterOpts.bb_factor: 3
RouterOpts.bend_cost: 0.000000
RouterOpts.first_iter_pres_fac: 0.000000
RouterOpts.initial_pres_fac: 0.500000
RouterOpts.pres_fac_mult: 1.300000
RouterOpts.max_router_iterations: 50
RouterOpts.min_incremental_reroute_fanout: 16
RouterOpts.do_check_rr_graph: true
RouterOpts.verify_binary_search: false
RouterOpts.min_channel_width_hint: 0
RouterOpts.read_rr_edge_metadata: false
RouterOpts.exit_after_first_routing_iteration: false
RouterOpts.astar_fac: 1.200000
RouterOpts.router_profiler_astar_fac: 1.200000
RouterOpts.criticality_exp: 1.000000
RouterOpts.max_criticality: 0.990000
RouterOpts.init_wirelength_abort_threshold: 0.850000
RouterOpts.save_routing_per_iteration: false
RouterOpts.congested_routing_iteration_threshold_frac: 1.000000
RouterOpts.high_fanout_threshold: 64
RouterOpts.router_debug_net: -2
RouterOpts.router_debug_sink_rr: -2
RouterOpts.router_debug_iteration: -2
RouterOpts.max_convergence_count: 1
RouterOpts.reconvergence_cpd_threshold: 0.990000
RouterOpts.update_lower_bound_delays: true
RouterOpts.first_iteration_timing_report_file: 
RouterOpts.incr_reroute_delay_ripup: AUTO
RouterOpts.route_bb_update: DYNAMIC
RouterOpts.lookahead_type: MAP
RouterOpts.initial_timing: LOOKAHEAD
RouterOpts.router_heap: BINARY_HEAP
RouterOpts.routing_failure_predictor = SAFE
RouterOpts.routing_budgets_algorithm = DISABLE

AnalysisOpts.gen_post_synthesis_netlist: false
AnalysisOpts.timing_report_npaths: 100
AnalysisOpts.timing_report_skew: false
AnalysisOpts.echo_dot_timing_graph_node: -1
AnalysisOpts.timing_report_detail: NETLIST
AnalysisOpts.post_synth_netlist_unconn_input_handling: UNCONNECTED
AnalysisOpts.post_synth_netlist_unconn_output_handling: UNCONNECTED

# Building complex block graph
Warning 1: io[0].clock[0] unconnected pin in architecture.
Warning 2: dsp[0].dsp_I2[44] unconnected pin in architecture.
Warning 3: dsp[0].dsp_I2[45] unconnected pin in architecture.
Warning 4: dsp[0].dsp_I2[46] unconnected pin in architecture.
Warning 5: dsp[0].dsp_I2[47] unconnected pin in architecture.
Warning 6: dsp[0].dsp_I2[48] unconnected pin in architecture.
Warning 7: dsp[0].dsp_I2[49] unconnected pin in architecture.
Warning 8: dsp[0].dsp_I2[50] unconnected pin in architecture.
Warning 9: dsp[0].dsp_I2[51] unconnected pin in architecture.
Warning 10: dsp[0].dsp_I2[52] unconnected pin in architecture.
Warning 11: dsp[0].dsp_I2[53] unconnected pin in architecture.
Warning 12: dsp[0].dsp_I2[54] unconnected pin in architecture.
Warning 13: dsp[0].dsp_I2[55] unconnected pin in architecture.
Warning 14: dsp[0].dsp_I2[56] unconnected pin in architecture.
Warning 15: dsp[0].dsp_I2[57] unconnected pin in architecture.
Warning 16: dsp[0].dsp_I2[58] unconnected pin in architecture.
Warning 17: dsp[0].dsp_I2[59] unconnected pin in architecture.
Warning 18: dsp[0].dsp_I2[60] unconnected pin in architecture.
Warning 19: dsp[0].dsp_I2[61] unconnected pin in architecture.
Warning 20: dsp[0].dsp_I2[62] unconnected pin in architecture.
Warning 21: dsp[0].dsp_I2[63] unconnected pin in architecture.
Warning 22: dsp_pb[0].datain[96] unconnected pin in architecture.
Warning 23: dsp_pb[0].datain[97] unconnected pin in architecture.
Warning 24: dsp_pb[0].datain[98] unconnected pin in architecture.
Warning 25: dsp_pb[0].datain[99] unconnected pin in architecture.
Warning 26: dsp_pb[0].datain[100] unconnected pin in architecture.
Warning 27: dsp_pb[0].datain[101] unconnected pin in architecture.
Warning 28: dsp_pb[0].datain[102] unconnected pin in architecture.
Warning 29: dsp_pb[0].datain[103] unconnected pin in architecture.
Warning 30: dsp_pb[0].datain[104] unconnected pin in architecture.
Warning 31: dsp_pb[0].datain[105] unconnected pin in architecture.
Warning 32: dsp_pb[0].datain[106] unconnected pin in architecture.
Warning 33: dsp_pb[0].datain[107] unconnected pin in architecture.
Warning 34: dsp_pb[0].datain[108] unconnected pin in architecture.
Warning 35: dsp_pb[0].datain[109] unconnected pin in architecture.
Warning 36: dsp_pb[0].datain[110] unconnected pin in architecture.
Warning 37: dsp_pb[0].datain[111] unconnected pin in architecture.
Warning 38: dsp_pb[0].datain[112] unconnected pin in architecture.
Warning 39: dsp_pb[0].datain[113] unconnected pin in architecture.
Warning 40: dsp_pb[0].datain[114] unconnected pin in architecture.
Warning 41: dsp_pb[0].datain[115] unconnected pin in architecture.
# Building complex block graph took 0.06 seconds (max_rss 40.5 MiB, delta_rss +23.2 MiB)
Circuit file: /home/et23644@austin.utexas.edu/Desktop/VTR_dir/vtr-verilog-to-routing_april2024/vtr_work/out_dir/sparse_gemm_all_levels_mapped_to_DSPs/sparse_gemm_all_levels_mapped_to_DSPs.pre-vpr.blif
# Load circuit
Found constant-zero generator 'gnd'
Found constant-one generator 'vcc'
Found constant-zero generator 'unconn'
# Load circuit took 0.14 seconds (max_rss 91.8 MiB, delta_rss +51.3 MiB)
# Clean circuit
Absorbed 2207 LUT buffers
Inferred    0 additional primitive pins as constant generators since they have no combinationally connected inputs
Inferred  200 additional primitive pins as constant generators due to constant inputs
Inferred    0 additional primitive pins as constant generators since they have no combinationally connected inputs
Inferred    0 additional primitive pins as constant generators due to constant inputs
Swept input(s)      : 0
Swept output(s)     : 0 (0 dangling, 0 constant)
Swept net(s)        : 2624
Swept block(s)      : 0
Constant Pins Marked: 200
# Clean circuit took 0.01 seconds (max_rss 91.8 MiB, delta_rss +0.0 MiB)
# Compress circuit
# Compress circuit took 0.02 seconds (max_rss 91.8 MiB, delta_rss +0.0 MiB)
# Verify circuit
# Verify circuit took 0.00 seconds (max_rss 91.8 MiB, delta_rss +0.0 MiB)
Circuit Statistics:
  Blocks: 25325
    .input         :       5
    .latch         :    8572
    .output        :      16
    0-LUT          :       2
    6-LUT          :   13496
    adder          :    2322
    multiply       :      64
    single_port_ram:     848
  Nets  : 28399
    Avg Fanout:     3.2
    Max Fanout:  9420.0
    Min Fanout:     1.0
  Netlist Clocks: 1
# Build Timing Graph
  Timing Graph Nodes: 127188
  Timing Graph Edges: 217410
  Timing Graph Levels: 72
# Build Timing Graph took 0.07 seconds (max_rss 113.1 MiB, delta_rss +21.3 MiB)
Netlist contains 1 clocks
  Netlist Clock 'clk' Fanout: 9420 pins (8.0%), 9420 blocks (37.2%)
# Load Timing Constraints

Applied 1 SDC commands from '/home/et23644@austin.utexas.edu/Desktop/VTR_dir/vtr-verilog-to-routing_april2024/vtr_work/constraints_dir/cut_IO_maximize_freq.sdc'
Timing constraints created 1 clocks
  Constrained Clock 'clk' Source: 'clk.inpad[0]'

# Load Timing Constraints took 0.01 seconds (max_rss 113.1 MiB, delta_rss +0.0 MiB)
# Load packing
Begin loading packed FPGA netlist file.
Netlist generated from file 'sparse_gemm_all_levels_mapped_to_DSPs.net'.
Detected 2 constant generators (to see names run with higher pack verbosity)
Finished loading packed FPGA netlist file (took 0.9816 seconds).
Warning 42: Treated 2 constant nets as global which will not be routed (to see net names increase packer verbosity).
# Load packing took 1.03 seconds (max_rss 250.2 MiB, delta_rss +137.2 MiB)
Warning 43: Netlist contains 300 global net to non-global architecture pin connections
Warning 44: Logic block #980 (gnd) has only 1 output pin 'gnd.O[10]'. It may be a constant generator.

Pb types usage...
  io                     : 21
   inpad                 : 5
   outpad                : 16
  clb                    : 905
   fle                   : 8741
    ble5                 : 10708
     flut5               : 8386
      lut5               : 8227
       lut               : 8227
      ff                 : 7696
     arithmetic          : 2322
      lut4               : 1906
       lut               : 1906
      adder              : 2322
    ble6                 : 3365
     lut6                : 3365
      lut                : 3365
     ff                  : 876
  dsp_top                : 64
   dsp                   : 64
    dsp_pb               : 64
     mult_9x9_fixed_pt   : 64
  memory                 : 26
   mem_512x40_sp         : 26
    memory_slice         : 848

# Create Device
## Build Device Grid
FPGA sized to 56 x 56: 3136 grid tiles (auto)

Resource usage...
	Netlist
		21	blocks of type: io
	Architecture
		1728	blocks of type: io
	Netlist
		905	blocks of type: clb
	Architecture
		1970	blocks of type: clb
	Netlist
		0	blocks of type: sparse_dense_ts_top
	Architecture
		40	blocks of type: sparse_dense_ts_top
	Netlist
		64	blocks of type: dsp_top
	Architecture
		65	blocks of type: dsp_top
	Netlist
		26	blocks of type: memory
	Architecture
		243	blocks of type: memory

Device Utilization: 0.39 (target 1.00)
	Physical Tile io:
	Block Utilization: 0.01 Logical Block: io
	Physical Tile clb:
	Block Utilization: 0.46 Logical Block: clb
	Physical Tile sparse_dense_ts_top:
	Block Utilization: 0.00 Logical Block: sparse_dense_ts_top
	Physical Tile dsp_top:
	Block Utilization: 0.98 Logical Block: dsp_top
	Physical Tile memory:
	Block Utilization: 0.11 Logical Block: memory

FPGA size limited by block type(s): dsp_top

## Build Device Grid took 0.01 seconds (max_rss 250.2 MiB, delta_rss +0.0 MiB)
## Build routing resource graph
SOURCE->OPIN and IPIN->SINK edge count:273739
OPIN->CHANX/CHANY edge count before creating direct connections: 2648308
OPIN->CHANX/CHANY edge count after creating direct connections: 2656053
CHAN->CHAN type edge count:9263932
## Build routing resource graph took 5.97 seconds (max_rss 572.6 MiB, delta_rss +322.4 MiB)
  RR Graph Nodes: 863702
  RR Graph Edges: 12193724
# Create Device took 6.05 seconds (max_rss 572.6 MiB, delta_rss +322.4 MiB)

# Load Placement
Reading /home/et23644@austin.utexas.edu/Desktop/VTR_dir/vtr-verilog-to-routing_april2024/vtr_work/out_dir/sparse_gemm_all_levels_mapped_to_DSPs/sparse_gemm_all_levels_mapped_to_DSPs.place.

Successfully read /home/et23644@austin.utexas.edu/Desktop/VTR_dir/vtr-verilog-to-routing_april2024/vtr_work/out_dir/sparse_gemm_all_levels_mapped_to_DSPs/sparse_gemm_all_levels_mapped_to_DSPs.place.

# Load Placement took 0.12 seconds (max_rss 572.6 MiB, delta_rss +0.0 MiB)

# Load Routing
Begin loading FPGA routing file.
Finished loading route file
Warning 45: 4 timing startpoints were not constrained during timing analysis
Warning 46: 16 timing endpoints were not constrained during timing analysis
# Load Routing took 0.47 seconds (max_rss 572.6 MiB, delta_rss +0.0 MiB)

Checking to ensure routing is legal...
# Checking to ensure non-configurable edges are legal
# Checking to ensure non-configurable edges are legal took 0.03 seconds (max_rss 572.6 MiB, delta_rss +0.0 MiB)
Completed routing consistency check successfully.

Serial number (magic cookie) for the routing is: 1323003638
Circuit successfully routed with a channel width factor of 300.
# Synchronize the packed netlist to routing optimization
## Annotating rr_node with routed nets
## Annotating rr_node with routed nets took 0.00 seconds (max_rss 572.6 MiB, delta_rss +0.0 MiB)
Found 33858 mismatches between routing and packing results.
Fixed 24522 routing traces due to mismatch between routing and packing results.
# Synchronize the packed netlist to routing optimization took 0.16 seconds (max_rss 572.6 MiB, delta_rss +0.0 MiB)
Final Clustering Statistics: 
----------   --------   ------------------------------------   --------------------------
Block Type   # Blocks   Avg. # of input clocks and pins used   Avg. # of output pins used
----------   --------   ------------------------------------   --------------------------
     EMPTY          0                                      0                            0   
        io         21                               0.761905                     0.238095   
       clb        905                                29.9812                      14.1912   
sparse_dense_ts_top          0                                      0                            0   
   dsp_top         64                                     16                           16   
    memory         26                                30.0769                      32.6154   
Absorbed logical nets 13679 out of 28399 nets, 14720 nets not absorbed.


Average number of bends per net: 1.04043  Maximum # of bends: 253

Number of global nets: 3
Number of routed nets (nonglobal): 14717
Wire length results (in units of 1 clb segments)...
	Total wirelength: 187571, average net length: 12.7452
	Maximum net length: 3536

Wire length results in terms of physical segments...
	Total wiring segments used: 44119, average wire segments per net: 2.99783
	Maximum segments used by a net: 874
	Total local nets with reserved CLB opins: 0
Total number of nets absorbed: 64

Routing channel utilization histogram:
[        1:      inf)    0 (  0.0%) |
[      0.9:        1)    0 (  0.0%) |
[      0.8:      0.9)    0 (  0.0%) |
[      0.7:      0.8)    0 (  0.0%) |
[      0.5:      0.6)    0 (  0.0%) |
[      0.4:      0.5)    2 (  0.0%) |
[      0.3:      0.4)  216 (  3.6%) |***
[      0.2:      0.3) 1080 ( 17.9%) |***************
[      0.1:      0.2) 1378 ( 22.8%) |*******************
[        0:      0.1) 3374 ( 55.8%) |**********************************************
Maximum routing channel utilization:      0.42 at (34,36)

X - Directed channels:   j max occ ave occ capacity
                      ---- ------- ------- --------
                         0      13   5.000      300
                         1       0   0.000      300
                         2       3   0.786      300
                         3      16   3.214      300
                         4      34  15.554      300
                         5      74  20.143      300
                         6      83  31.196      300
                         7      90  38.804      300
                         8     110  48.018      300
                         9      94  44.071      300
                        10     107  43.393      300
                        11     109  45.696      300
                        12     103  50.893      300
                        13     102  45.304      300
                        14      99  45.357      300
                        15      92  46.232      300
                        16     113  56.786      300
                        17      84  43.000      300
                        18      72  37.411      300
                        19      79  36.714      300
                        20      80  44.607      300
                        21      68  33.089      300
                        22      74  30.214      300
                        23      85  32.821      300
                        24      99  43.357      300
                        25      92  36.946      300
                        26      82  29.643      300
                        27      78  34.393      300
                        28     107  50.429      300
                        29      85  48.911      300
                        30      96  41.071      300
                        31     114  50.429      300
                        32     112  61.411      300
                        33      96  54.286      300
                        34      77  42.321      300
                        35      94  49.357      300
                        36     125  64.429      300
                        37     104  44.714      300
                        38     104  36.929      300
                        39     112  37.768      300
                        40     107  45.714      300
                        41      84  32.607      300
                        42      86  32.125      300
                        43      76  24.054      300
                        44      69  26.268      300
                        45      34   8.107      300
                        46      20   5.393      300
                        47       3   1.464      300
                        48      18   6.982      300
                        49       2   0.571      300
                        50       3   1.304      300
                        51       1   0.268      300
                        52       5   1.571      300
                        53       1   0.286      300
                        54       1   0.571      300
Y - Directed channels:   i max occ ave occ capacity
                      ---- ------- ------- --------
                         0       1   0.143      300
                         1       4   0.500      300
                         2       4   0.857      300
                         3      46   9.643      300
                         4      90  22.482      300
                         5      66  27.214      300
                         6      92  41.393      300
                         7      98  38.786      300
                         8     105  28.071      300
                         9     103  33.875      300
                        10     110  47.571      300
                        11      59  27.571      300
                        12      61  27.071      300
                        13     105  50.036      300
                        14     113  34.857      300
                        15     111  27.429      300
                        16     102  44.107      300
                        17      85  44.357      300
                        18      98  54.214      300
                        19      95  47.714      300
                        20      85  32.804      300
                        21      84  30.286      300
                        22      89  47.589      300
                        23      57  21.857      300
                        24      41  19.429      300
                        25      93  41.107      300
                        26      63  24.018      300
                        27      63  18.429      300
                        28      97  31.286      300
                        29      83  38.696      300
                        30     103  47.661      300
                        31     107  43.286      300
                        32     106  35.089      300
                        33      99  37.321      300
                        34     116  52.589      300
                        35      68  32.071      300
                        36      66  30.214      300
                        37      95  49.804      300
                        38      85  35.893      300
                        39      91  36.571      300
                        40      91  51.411      300
                        41      69  44.839      300
                        42      87  47.893      300
                        43      92  39.571      300
                        44      41  17.161      300
                        45      40  13.125      300
                        46      70  20.107      300
                        47      32   9.357      300
                        48      19   3.857      300
                        49      46   7.000      300
                        50      28   8.357      300
                        51      21   4.786      300
                        52      32  13.143      300
                        53      44  20.732      300
                        54      36  22.268      300

Total tracks in x-direction: 16500, in y-direction: 16500

Logic area (in minimum width transistor areas, excludes I/Os and empty grid tiles)...
	Total logic block area (Warning, need to add pitch of routing to blocks with height > 3): 1.0369e+08
	Total used logic block area: 3.902e+07

Routing area (in minimum width transistor areas)...
	Total routing area: 5.44344e+07, per logic tile: 17357.9

Total Number of Wiring Segments by Direction: direction length number
                                              --------- ------ -------
                                                      X      4 203774
                                                      Y      4 203774
                                                      X     16   9498
                                                      Y     16   9498

X - Directed Wiring Segment usage by length: length utilization
                                             ------ -----------
                                             4       0.106
                                            16      0.0666

Y - Directed Wiring Segment usage by length: length utilization
                                             ------ -----------
                                             4       0.106
                                            16      0.0363

Segment occupancy by length: Length utilization
                             ------ -----------
                             L4           0.106
                             L16          0.0515

Segment occupancy by type: name type utilization
                           ---- ---- -----------
                             L4    0       0.106
                            L16    1      0.0515
Warning 47: 4 timing startpoints were not constrained during timing analysis
Warning 48: 16 timing endpoints were not constrained during timing analysis

Final hold Worst Negative Slack (hWNS): 0 ns
Final hold Total Negative Slack (hTNS): 0 ns

Final hold slack histogram:
[  4.1e-11:    2e-10) 5178 ( 29.5%) |*********************************************
[    2e-10:  3.6e-10) 4133 ( 23.5%) |************************************
[  3.6e-10:  5.2e-10) 5324 ( 30.3%) |**********************************************
[  5.2e-10:  6.7e-10) 1371 (  7.8%) |************
[  6.7e-10:  8.3e-10)  919 (  5.2%) |********
[  8.3e-10:  9.9e-10)  539 (  3.1%) |*****
[  9.9e-10:  1.1e-09)   75 (  0.4%) |*
[  1.1e-09:  1.3e-09)   12 (  0.1%) |
[  1.3e-09:  1.5e-09)   10 (  0.1%) |
[  1.5e-09:  1.6e-09)    3 (  0.0%) |

Final critical path delay (least slack): 3.70009 ns, Fmax: 270.264 MHz
Final setup Worst Negative Slack (sWNS): -3.70009 ns
Final setup Total Negative Slack (sTNS): -22224.3 ns

Final setup slack histogram:
[ -3.7e-09: -3.4e-09)   43 (  0.2%) |
[ -3.4e-09:   -3e-09)  317 (  1.8%) |**
[   -3e-09: -2.7e-09)  680 (  3.9%) |*****
[ -2.7e-09: -2.3e-09) 1150 (  6.5%) |********
[ -2.3e-09:   -2e-09) 1710 (  9.7%) |*************
[   -2e-09: -1.6e-09) 2783 ( 15.8%) |*********************
[ -1.6e-09: -1.3e-09) 1465 (  8.3%) |***********
[ -1.3e-09: -9.2e-10)  571 (  3.3%) |****
[ -9.2e-10: -5.7e-10) 2602 ( 14.8%) |*******************
[ -5.7e-10: -2.2e-10) 6243 ( 35.5%) |**********************************************

Final geomean non-virtual intra-domain period: 3.70009 ns (270.264 MHz)
Final fanout-weighted geomean non-virtual intra-domain period: 3.70009 ns (270.264 MHz)

Incr Slack updates 1 in 0.000667014 sec
Full Max Req/Worst Slack updates 1 in 0.000148539 sec
Incr Max Req/Worst Slack updates 0 in 0 sec
Incr Criticality updates 0 in 0 sec
Full Criticality updates 1 in 0.00128506 sec
Flow timing analysis took 0.440995 seconds (0.432736 STA, 0.00825821 slack) (2 full updates: 0 setup, 0 hold, 2 combined).
VPR succeeded
The entire flow of VPR took 16.49 seconds (max_rss 572.6 MiB)
Incr Slack updates 1 in 0.000806289 sec
Full Max Req/Worst Slack updates 1 in 0.000149085 sec
Incr Max Req/Worst Slack updates 0 in 0 sec
Incr Criticality updates 0 in 0 sec
Full Criticality updates 1 in 0.00155031 sec
